2013/12/28 18:32:55 [error] [php] Trying to get property of non-object (/var/www/belief-hope/framework/base/CComponent.php(612) : eval()'d code:1)
Stack trace:
#0 /var/www/belief-hope/framework/zii/widgets/grid/CGridColumn.php(231): CDataColumn->getDataCellContent()
#1 /var/www/belief-hope/framework/zii/widgets/grid/CGridColumn.php(154): CDataColumn->renderDataCellContent()
#2 /var/www/belief-hope/framework/zii/widgets/grid/CGridView.php(622): CDataColumn->renderDataCell()
#3 /var/www/belief-hope/framework/zii/widgets/grid/CGridView.php(578): CGridView->renderTableRow()
#4 /var/www/belief-hope/framework/zii/widgets/grid/CGridView.php(488): CGridView->renderTableBody()
#5 /var/www/belief-hope/framework/zii/widgets/CBaseListView.php(171): CGridView->renderItems()
#6 unknown(0): CGridView->renderSection()
#7 /var/www/belief-hope/framework/zii/widgets/CBaseListView.php(154): preg_replace_callback()
#8 /var/www/belief-hope/framework/zii/widgets/CBaseListView.php(139): CGridView->renderContent()
#9 /var/www/belief-hope/framework/web/CBaseController.php(181): CGridView->run()
#10 /var/www/belief-hope/backend/protected/views/content/admin.php(49): ContentController->widget()
#11 /var/www/belief-hope/framework/web/CBaseController.php(126): require()
#12 /var/www/belief-hope/framework/web/CBaseController.php(95): ContentController->renderInternal()
#13 /var/www/belief-hope/framework/web/CController.php(869): ContentController->renderFile()
#14 /var/www/belief-hope/framework/web/CController.php(782): ContentController->renderPartial()
#15 /var/www/belief-hope/backend/protected/controllers/ContentController.php(228): ContentController->render()
#16 /var/www/belief-hope/framework/web/actions/CInlineAction.php(49): ContentController->actionAdmin()
#17 /var/www/belief-hope/framework/web/CController.php(308): CInlineAction->runWithParams()
#18 /var/www/belief-hope/framework/web/filters/CFilterChain.php(133): ContentController->runAction()
#19 /var/www/belief-hope/framework/web/filters/CFilter.php(40): CFilterChain->run()
#20 /var/www/belief-hope/framework/web/CController.php(1145): CAccessControlFilter->filter()
#21 /var/www/belief-hope/framework/web/filters/CInlineFilter.php(58): ContentController->filterAccessControl()
#22 /var/www/belief-hope/framework/web/filters/CFilterChain.php(130): CInlineFilter->filter()
#23 /var/www/belief-hope/framework/web/CController.php(291): CFilterChain->run()
#24 /var/www/belief-hope/framework/web/CController.php(265): ContentController->runActionWithFilters()
#25 /var/www/belief-hope/framework/web/CWebApplication.php(282): ContentController->run()
#26 /var/www/belief-hope/framework/web/CWebApplication.php(141): CWebApplication->runController()
#27 /var/www/belief-hope/framework/base/CApplication.php(180): CWebApplication->processRequest()
#28 /var/www/belief-hope/backend/index.php(13): CWebApplication->run()
REQUEST_URI=/backend/content/admin
in /var/www/belief-hope/backend/protected/views/content/admin.php (49)
in /var/www/belief-hope/backend/protected/controllers/ContentController.php (228)
in /var/www/belief-hope/backend/index.php (13)
2013/12/28 18:42:51 [error] [exception.CHttpException.404] exception 'CHttpException' with message 'The requested page does not exist.' in /var/www/belief-hope/backend/protected/controllers/ContentController.php:242
Stack trace:
#0 /var/www/belief-hope/backend/protected/controllers/ContentController.php(61): ContentController->loadModel('2')
#1 [internal function]: ContentController->actionUpdate('2')
#2 /var/www/belief-hope/framework/web/actions/CAction.php(108): ReflectionMethod->invokeArgs(Object(ContentController), Array)
#3 /var/www/belief-hope/framework/web/actions/CInlineAction.php(47): CAction->runWithParamsInternal(Object(ContentController), Object(ReflectionMethod), Array)
#4 /var/www/belief-hope/framework/web/CController.php(308): CInlineAction->runWithParams(Array)
#5 /var/www/belief-hope/framework/web/filters/CFilterChain.php(133): CController->runAction(Object(CInlineAction))
#6 /var/www/belief-hope/framework/web/filters/CFilter.php(40): CFilterChain->run()
#7 /var/www/belief-hope/framework/web/CController.php(1145): CFilter->filter(Object(CFilterChain))
#8 /var/www/belief-hope/framework/web/filters/CInlineFilter.php(58): CController->filterAccessControl(Object(CFilterChain))
#9 /var/www/belief-hope/framework/web/filters/CFilterChain.php(130): CInlineFilter->filter(Object(CFilterChain))
#10 /var/www/belief-hope/framework/web/CController.php(291): CFilterChain->run()
#11 /var/www/belief-hope/framework/web/CController.php(265): CController->runActionWithFilters(Object(CInlineAction), Array)
#12 /var/www/belief-hope/framework/web/CWebApplication.php(282): CController->run('update')
#13 /var/www/belief-hope/framework/web/CWebApplication.php(141): CWebApplication->runController('content/update')
#14 /var/www/belief-hope/framework/base/CApplication.php(180): CWebApplication->processRequest()
#15 /var/www/belief-hope/backend/index.php(13): CApplication->run()
#16 {main}
REQUEST_URI=/backend/content/update/2
HTTP_REFERER=http://beliefandhope.local/backend/content/update/1
---
2013/12/28 18:57:47 [error] [exception.CHttpException.404] exception 'CHttpException' with message 'The system is unable to find the requested action "favicon.ico".' in /var/www/belief-hope/framework/web/CController.php:483
Stack trace:
#0 /var/www/belief-hope/framework/web/CController.php(270): CController->missingAction('favicon.ico')
#1 /var/www/belief-hope/framework/web/CWebApplication.php(282): CController->run('favicon.ico')
#2 /var/www/belief-hope/framework/web/CWebApplication.php(141): CWebApplication->runController('request/favicon...')
#3 /var/www/belief-hope/framework/base/CApplication.php(180): CWebApplication->processRequest()
#4 /var/www/belief-hope/backend/index.php(13): CApplication->run()
#5 {main}
REQUEST_URI=/backend/request/favicon.ico
---
2013/12/28 18:57:47 [error] [exception.CHttpException.404] exception 'CHttpException' with message 'The system is unable to find the requested action "favicon.ico".' in /var/www/belief-hope/framework/web/CController.php:483
Stack trace:
#0 /var/www/belief-hope/framework/web/CController.php(270): CController->missingAction('favicon.ico')
#1 /var/www/belief-hope/framework/web/CWebApplication.php(282): CController->run('favicon.ico')
#2 /var/www/belief-hope/framework/web/CWebApplication.php(141): CWebApplication->runController('request/favicon...')
#3 /var/www/belief-hope/framework/base/CApplication.php(180): CWebApplication->processRequest()
#4 /var/www/belief-hope/backend/index.php(13): CApplication->run()
#5 {main}
REQUEST_URI=/backend/request/favicon.ico
---
